<?xml version="1.0" encoding="UTF-8"?>
<!-- Generated by org.testng.reporters.JUnitXMLReporter -->
<testsuite ignored="0" hostname="Omar" failures="0" tests="7" name="Default test" time="4.405" errors="0" timestamp="2024-10-29T18:15:33 GMT+03:00">
  <testcase classname="TestMosafer" name="EnglishLanguage" time="0.034"/>
  <testcase classname="TestMosafer" name="CheckTheCurrency" time="0.033"/>
  <testcase classname="TestMosafer" name="CheckTheContactNumber" time="0.107"/>
  <testcase classname="TestMosafer" name="CheckTheLogo" time="0.183"/>
  <testcase classname="TestMosafer" name="TestHotelSearchTab" time="0.107"/>
  <testcase classname="TestMosafer" name="TestDepartureTime" time="0.02"/>
  <testcase classname="TestMosafer" name="TestReturnDate" time="0.11"/>
</testsuite> <!-- Default test -->
