<?xml version="1.0" encoding="UTF-8"?>
<!-- Generated by org.testng.reporters.JUnitXMLReporter -->
<testsuite ignored="0" hostname="Omar" failures="0" tests="10" name="Default test" time="50.416" errors="0" timestamp="2024-11-19T18:38:41 GMT+03:00">
  <testcase classname="TestMosafer" name="EnglishLanguage" time="0.042"/>
  <testcase classname="TestMosafer" name="CheckTheCurrency" time="2.307"/>
  <testcase classname="TestMosafer" name="CheckTheContactNumber" time="0.021"/>
  <testcase classname="TestMosafer" name="CheckTheLogo" time="0.024"/>
  <testcase classname="TestMosafer" name="TestHotelSearchTab" time="0.018"/>
  <testcase classname="TestMosafer" name="TestDepartureTime" time="0.013"/>
  <testcase classname="TestMosafer" name="TestReturnDate" time="0.012"/>
  <testcase classname="TestMosafer" name="RandomChecksForLanguageAndInputs" time="9.488"/>
  <testcase classname="TestMosafer" name="SearchResultPage" time="30.035"/>
  <testcase classname="TestMosafer" name="SortingOptions" time="4.769"/>
</testsuite> <!-- Default test -->
